<?xml version="1.0" encoding="UTF-8"?>
<!-- Generated by org.testng.reporters.JUnitXMLReporter -->
<testsuite ignored="0" hostname="shikha-pc" failures="0" tests="7" name="Test" time="333.122" errors="0" timestamp="2020-11-18T11:56:05 IST">
  <testcase classname="TestNG.DependsOnMethodTest" name="@BeforeClass setup" time="303.832">
    <failure type="org.openqa.selenium.TimeoutException" message="timeout: Timed out receiving message from renderer: 293.435
  (Session info: chrome=86.0.4240.198)
Build info: version: &amp;apos;3.141.59&amp;apos;, revision: &amp;apos;e82be7d358&amp;apos;, time: &amp;apos;2018-11-14T08:25:53&amp;apos;
System info: host: &amp;apos;SHIKHA-PC&amp;apos;, ip: &amp;apos;192.168.137.1&amp;apos;, os.name: &amp;apos;Windows 10&amp;apos;, os.arch: &amp;apos;amd64&amp;apos;, os.version: &amp;apos;10.0&amp;apos;, java.version: &amp;apos;14.0.2&amp;apos;
Driver info: org.openqa.selenium.chrome.ChromeDriver
Capabilities {acceptInsecureCerts: false, browserName: chrome, browserVersion: 86.0.4240.198, chrome: {chromedriverVersion: 85.0.4183.87 (cd6713ebf92fa..., userDataDir: C:\Users\SHIKHA~1\AppData\L...}, goog:chromeOptions: {debuggerAddress: localhost:59040}, javascriptEnabled: true, networkConnectionEnabled: false, pageLoadStrategy: normal, platform: WINDOWS, platformName: WINDOWS, proxy: Proxy(), setWindowRect: true, strictFileInteractability: false, timeouts: {implicit: 0, pageLoad: 300000, script: 30000}, unhandledPromptBehavior: dismiss and notify, webauthn:virtualAuthenticators: true}
Session ID: 0089644a20132b5cfd0363c01f512429">
      <![CDATA[org.openqa.selenium.TimeoutException: timeout: Timed out receiving message from renderer: 293.435
  (Session info: chrome=86.0.4240.198)
Build info: version: '3.141.59', revision: 'e82be7d358', time: '2018-11-14T08:25:53'
System info: host: 'SHIKHA-PC', ip: '192.168.137.1', os.name: 'Windows 10', os.arch: 'amd64', os.version: '10.0', java.version: '14.0.2'
Driver info: org.openqa.selenium.chrome.ChromeDriver
Capabilities {acceptInsecureCerts: false, browserName: chrome, browserVersion: 86.0.4240.198, chrome: {chromedriverVersion: 85.0.4183.87 (cd6713ebf92fa..., userDataDir: C:\Users\SHIKHA~1\AppData\L...}, goog:chromeOptions: {debuggerAddress: localhost:59040}, javascriptEnabled: true, networkConnectionEnabled: false, pageLoadStrategy: normal, platform: WINDOWS, platformName: WINDOWS, proxy: Proxy(), setWindowRect: true, strictFileInteractability: false, timeouts: {implicit: 0, pageLoad: 300000, script: 30000}, unhandledPromptBehavior: dismiss and notify, webauthn:virtualAuthenticators: true}
Session ID: 0089644a20132b5cfd0363c01f512429
at org.openqa.selenium.remote.http.W3CHttpResponseCodec.createException(W3CHttpResponseCodec.java:187)
at org.openqa.selenium.remote.http.W3CHttpResponseCodec.decode(W3CHttpResponseCodec.java:122)
at org.openqa.selenium.remote.http.W3CHttpResponseCodec.decode(W3CHttpResponseCodec.java:49)
at org.openqa.selenium.remote.HttpCommandExecutor.execute(HttpCommandExecutor.java:158)
at org.openqa.selenium.remote.service.DriverCommandExecutor.execute(DriverCommandExecutor.java:83)
at org.openqa.selenium.remote.RemoteWebDriver.execute(RemoteWebDriver.java:552)
at org.openqa.selenium.remote.RemoteWebDriver.get(RemoteWebDriver.java:277)
at TestNG.DependsOnMethodTest.setup(DependsOnMethodTest.java:26)
at java.base/java.util.ArrayList.forEach(ArrayList.java:1511)
... Removed 30 stack frames]]>
    </failure>
  </testcase> <!-- @BeforeClass setup -->
  <testcase classname="TestNG.DependsOnMethodTest" name="@BeforeMethod pre_condition" time="-1.605680765436E9">
    <skipped/>
  </testcase> <!-- @BeforeMethod pre_condition -->
  <testcase classname="TestNG.DependsOnMethodTest" name="@AfterMethod post_condition" time="-1.605680765451E9">
    <skipped/>
  </testcase> <!-- @AfterMethod post_condition -->
  <testcase classname="TestNG.DependsOnMethodTest" name="@BeforeMethod pre_condition" time="-1.605680765455E9">
    <skipped/>
  </testcase> <!-- @BeforeMethod pre_condition -->
  <testcase classname="TestNG.DependsOnMethodTest" name="@AfterMethod post_condition" time="-1.605680765469E9">
    <skipped/>
  </testcase> <!-- @AfterMethod post_condition -->
  <testcase classname="TestNG.DependsOnMethodTest" name="@AfterClass LogoutTest" time="-1.605680765491E9">
    <skipped/>
  </testcase> <!-- @AfterClass LogoutTest -->
  <testcase classname="TestNG.GoogleTest" name="GoogleLogoTest" time="0.122"/>
  <testcase classname="TestNG.GoogleTest" name="GetTitleTest" time="0.013"/>
  <testcase classname="TestNG.AnnotationTest" name="test1" time="0.005"/>
  <testcase classname="TestNG.AnnotationTest" name="test2" time="0.005"/>
  <testcase classname="TestNG.DependsOnMethodTest" name="LoginTest" time="0.0">
    <skipped/>
  </testcase> <!-- LoginTest -->
  <testcase classname="TestNG.DependsOnMethodTest" name="LoginTest" time="0.0">
    <skipped/>
  </testcase> <!-- LoginTest -->
  <testcase classname="TestNG.DependsOnMethodTest" name="HomepageTest" time="0.0">
    <skipped/>
  </testcase> <!-- HomepageTest -->
</testsuite> <!-- Test -->
